<?xml version="1.0" encoding="UTF-8"?>
<!-- Generated by org.testng.reporters.JUnitReportReporter -->
<testsuite skipped="0" hostname="Rehan" name="com.qa.testcase.CurrentStatusScreenTest" tests="1" failures="0" timestamp="20 Apr 2019 15:08:32 GMT" time="0.355" errors="0">
  <testcase name="postVerificationScreenTest" time="0.355" classname="com.qa.testcase.CurrentStatusScreenTest"/>
</testsuite> <!-- com.qa.testcase.CurrentStatusScreenTest -->
