<?xml version="1.0" encoding="UTF-8"?>
<!-- Generated by org.testng.reporters.JUnitReportReporter -->
<testsuite skipped="0" hostname="Rehan" name="com.qa.testcase.BidHistoryTest" tests="1" failures="0" timestamp="20 Apr 2019 15:08:32 GMT" time="7.749" errors="0">
  <testcase name="bidHistoryTest" time="7.749" classname="com.qa.testcase.BidHistoryTest"/>
</testsuite> <!-- com.qa.testcase.BidHistoryTest -->
