<?xml version="1.0" encoding="UTF-8"?>
<!-- Generated by org.testng.reporters.JUnitReportReporter -->
<testsuite skipped="0" hostname="Rehan" name="com.qa.testcase.LoginPageTest" tests="1" failures="0" timestamp="20 Apr 2019 15:08:32 GMT" time="0.000" errors="0">
  <testcase name="loginPageTest" time="0.000" classname="com.qa.testcase.LoginPageTest"/>
</testsuite> <!-- com.qa.testcase.LoginPageTest -->
