<?xml version="1.0" encoding="UTF-8"?>
<!-- Generated by org.testng.reporters.JUnitReportReporter -->
<testsuite skipped="0" hostname="Rehan" name="com.qa.testcase.CurrentEMDTest" tests="1" failures="0" timestamp="21 Apr 2019 14:42:29 GMT" time="13.816" errors="0">
  <testcase name="currentEMDTest" time="13.816" classname="com.qa.testcase.CurrentEMDTest"/>
</testsuite> <!-- com.qa.testcase.CurrentEMDTest -->
