<?xml version="1.0" encoding="UTF-8"?>
<!-- Generated by org.testng.reporters.JUnitReportReporter -->
<testsuite skipped="0" hostname="Welcome-PC" name="com.qa.testcase.ProfilePageTest" tests="2" failures="0" timestamp="15 Apr 2019 17:32:43 GMT" time="5.914" errors="0">
  <testcase name="userProfileValidateTest" time="4.022" classname="com.qa.testcase.ProfilePageTest"/>
  <testcase name="profileTest" time="1.892" classname="com.qa.testcase.ProfilePageTest"/>
</testsuite> <!-- com.qa.testcase.ProfilePageTest -->
