<?xml version="1.0" encoding="UTF-8"?>
<!-- Generated by org.testng.reporters.JUnitReportReporter -->
<testsuite skipped="0" hostname="Rehan" name="com.qa.testcase.TransactionPaswdTest" tests="1" failures="0" timestamp="01 May 2019 14:33:05 GMT" time="0.436" errors="0">
  <testcase name="appTest" time="0.436" classname="com.qa.testcase.TransactionPaswdTest"/>
</testsuite> <!-- com.qa.testcase.TransactionPaswdTest -->
