<?xml version="1.0" encoding="UTF-8"?>
<!-- Generated by org.testng.reporters.JUnitReportReporter -->
<testsuite skipped="0" hostname="Rehan" name="com.qa.testcase.CurrentEMDTest" tests="1" failures="0" timestamp="20 Apr 2019 15:08:32 GMT" time="13.916" errors="0">
  <testcase name="emdTest" time="13.916" classname="com.qa.testcase.CurrentEMDTest"/>
</testsuite> <!-- com.qa.testcase.CurrentEMDTest -->
