<?xml version="1.0" encoding="UTF-8"?>
<!-- Generated by org.testng.reporters.JUnitReportReporter -->
<testsuite skipped="0" hostname="Welcome-PC" name="com.qa.testcase.LoginPageTest" tests="1" failures="0" timestamp="15 Apr 2019 16:36:17 GMT" time="0.016" errors="0">
  <testcase name="loginPageTest" time="0.016" classname="com.qa.testcase.LoginPageTest"/>
</testsuite> <!-- com.qa.testcase.LoginPageTest -->
